From github.com:bxq7gv2vds-ctrl/brantham-vault
 * branch            main       -> FETCH_HEAD
Updating c1a571e..433b09d
Fast-forward
 _system/MOC-master.md |  1 +
 soren-mendy/_MOC.md   | 12 ++++++++++++
 2 files changed, 13 insertions(+)
 create mode 100644 soren-mendy/_MOC.md
[2026-03-20 18:28:46] Pull effectué
error: cannot pull with rebase: You have unstaged changes.
error: Please commit or stash them.
[2026-03-20 18:29:45] Pull effectué
error: cannot pull with rebase: You have unstaged changes.
error: Please commit or stash them.
[2026-03-20 18:30:16] Pull effectué
error: cannot pull with rebase: You have unstaged changes.
error: Please commit or stash them.
[2026-03-20 18:30:21] Pull effectué
From github.com:bxq7gv2vds-ctrl/brantham-vault
 * branch            main       -> FETCH_HEAD
error: cannot rebase: You have unstaged changes.
error: Please commit or stash them.
[2026-03-20 18:46:17] Pull effectué
error: cannot pull with rebase: You have unstaged changes.
error: Please commit or stash them.
[2026-03-20 18:46:51] Pull effectué
error: cannot pull with rebase: You have unstaged changes.
error: Please commit or stash them.
[2026-03-20 19:01:11] Pull effectué
error: cannot pull with rebase: You have unstaged changes.
error: Please commit or stash them.
[2026-03-20 19:04:05] Pull effectué
From github.com:bxq7gv2vds-ctrl/brantham-vault
 * branch            main       -> FETCH_HEAD
Already up to date.
[2026-03-23 11:52:10] Pull effectué
error: cannot pull with rebase: You have unstaged changes.
error: Please commit or stash them.
[2026-03-23 11:56:42] Pull effectué
error: cannot pull with rebase: You have unstaged changes.
error: Please commit or stash them.
[2026-03-23 12:06:45] Pull effectué
From github.com:bxq7gv2vds-ctrl/brantham-vault
 * branch            main       -> FETCH_HEAD
Already up to date.
[2026-03-23 13:15:58] Pull effectué
From github.com:bxq7gv2vds-ctrl/brantham-vault
 * branch            main       -> FETCH_HEAD
Already up to date.
[2026-03-23 13:21:20] Pull effectué
error: cannot pull with rebase: You have unstaged changes.
error: Please commit or stash them.
[2026-03-23 13:26:42] Pull effectué
From github.com:bxq7gv2vds-ctrl/brantham-vault
 * branch            main       -> FETCH_HEAD
Already up to date.
[2026-03-23 13:27:14] Pull effectué
error: cannot pull with rebase: You have unstaged changes.
error: Please commit or stash them.
[2026-03-23 13:39:23] Pull effectué
