To github.com:bxq7gv2vds-ctrl/brantham-vault.git
   433b09d..16f0945  main -> main
[2026-03-20 18:29:03] Push effectué
To github.com:bxq7gv2vds-ctrl/brantham-vault.git
   16f0945..c277038  main -> main
[2026-03-20 18:29:34] Push effectué
[main e5ddd5a] sync: 2026-03-20 18:29:43
 Committer: Soren Mendy <sorenmendy@MacBook-Air-de-Soren.local>
Your name and email address were configured automatically based
on your username and hostname. Please check that they are accurate.
You can suppress this message by setting them explicitly. Run the
following command and follow the instructions in your editor to edit
your configuration file:

    git config --global --edit

After doing this, you may fix the identity used for this commit with:

    git commit --amend --reset-author

 1 file changed, 3 insertions(+)
To github.com:bxq7gv2vds-ctrl/brantham-vault.git
   c277038..e5ddd5a  main -> main
[2026-03-20 18:29:43] Push effectué
To github.com:bxq7gv2vds-ctrl/brantham-vault.git
   e5ddd5a..e666312  main -> main
[2026-03-20 18:30:07] Push effectué
